
*** Running vivado
    with args -log clk_wiz_720p.vds -m64 -product Vivado -mode batch -messageDb vivado.pb -notrace -source clk_wiz_720p.tcl


****** Vivado v2021.2 (64-bit)
  **** SW Build 3367213 on Tue Oct 19 02:47:39 MDT 2021
  **** IP Build 3369179 on Thu Oct 21 08:25:16 MDT 2021
    ** Copyright 1986-2021 Xilinx, Inc. All Rights Reserved.

source clk_wiz_720p.tcl -notrace
create_project: Time (s): cpu = 00:00:06 ; elapsed = 00:00:06 . Memory (MB): peak = 2687.328 ; gain = 0.000 ; free physical = 614807 ; free virtual = 642295
Command: synth_design -top clk_wiz_720p -part xcvu9p-flga2104-2L-e -mode out_of_context
Starting synth_design
Attempting to get a license for feature 'Synthesis' and/or device 'xcvu9p'
INFO: [Common 17-349] Got license for feature 'Synthesis' and/or device 'xcvu9p'
INFO: [Device 21-403] Loading part xcvu9p-flga2104-2L-e
INFO: [Synth 8-7079] Multithreading enabled for synth_design using a maximum of 4 processes.
INFO: [Synth 8-7078] Launching helper process for spawning children vivado processes
INFO: [Synth 8-7075] Helper process launched with PID 3837679
---------------------------------------------------------------------------------
Starting RTL Elaboration : Time (s): cpu = 00:00:04 ; elapsed = 00:00:05 . Memory (MB): peak = 3197.934 ; gain = 296.766 ; free physical = 613358 ; free virtual = 640847
---------------------------------------------------------------------------------
INFO: [Synth 8-6157] synthesizing module 'clk_wiz_720p' [/shares/zitipoolhome/ol233/mb-fpga-VU9P/MandelbulbVU9P/MandelbulbVU9P.gen/sources_1/ip/clk_wiz_720p/clk_wiz_720p.v:71]
INFO: [Synth 8-6157] synthesizing module 'clk_wiz_720p_clk_wiz' [/shares/zitipoolhome/ol233/mb-fpga-VU9P/MandelbulbVU9P/MandelbulbVU9P.gen/sources_1/ip/clk_wiz_720p/clk_wiz_720p_clk_wiz.v:69]
INFO: [Synth 8-6157] synthesizing module 'IBUF' [/shares/nct-opt/software/xilinx/Vivado/2021.2/scripts/rt/data/unisim_comp.v:55204]
INFO: [Synth 8-6155] done synthesizing module 'IBUF' (1#1) [/shares/nct-opt/software/xilinx/Vivado/2021.2/scripts/rt/data/unisim_comp.v:55204]
INFO: [Synth 8-6157] synthesizing module 'MMCME4_ADV' [/shares/nct-opt/software/xilinx/Vivado/2021.2/scripts/rt/data/unisim_comp.v:63903]
	Parameter BANDWIDTH bound to: OPTIMIZED - type: string 
	Parameter CLKFBOUT_MULT_F bound to: 111.375000 - type: double 
	Parameter CLKFBOUT_PHASE bound to: 0.000000 - type: double 
	Parameter CLKFBOUT_USE_FINE_PS bound to: FALSE - type: string 
	Parameter CLKIN1_PERIOD bound to: 10.000000 - type: double 
	Parameter CLKOUT0_DIVIDE_F bound to: 15.000000 - type: double 
	Parameter CLKOUT0_DUTY_CYCLE bound to: 0.500000 - type: double 
	Parameter CLKOUT0_PHASE bound to: 0.000000 - type: double 
	Parameter CLKOUT0_USE_FINE_PS bound to: FALSE - type: string 
	Parameter CLKOUT1_DIVIDE bound to: 3 - type: integer 
	Parameter CLKOUT1_DUTY_CYCLE bound to: 0.500000 - type: double 
	Parameter CLKOUT1_PHASE bound to: 0.000000 - type: double 
	Parameter CLKOUT1_USE_FINE_PS bound to: FALSE - type: string 
	Parameter CLKOUT4_CASCADE bound to: FALSE - type: string 
	Parameter COMPENSATION bound to: AUTO - type: string 
	Parameter DIVCLK_DIVIDE bound to: 10 - type: integer 
	Parameter STARTUP_WAIT bound to: FALSE - type: string 
INFO: [Synth 8-6155] done synthesizing module 'MMCME4_ADV' (2#1) [/shares/nct-opt/software/xilinx/Vivado/2021.2/scripts/rt/data/unisim_comp.v:63903]
INFO: [Synth 8-6157] synthesizing module 'BUFG' [/shares/nct-opt/software/xilinx/Vivado/2021.2/scripts/rt/data/unisim_comp.v:1083]
INFO: [Synth 8-6155] done synthesizing module 'BUFG' (3#1) [/shares/nct-opt/software/xilinx/Vivado/2021.2/scripts/rt/data/unisim_comp.v:1083]
INFO: [Synth 8-6157] synthesizing module 'BUFGCE' [/shares/nct-opt/software/xilinx/Vivado/2021.2/scripts/rt/data/unisim_comp.v:1093]
INFO: [Synth 8-6155] done synthesizing module 'BUFGCE' (4#1) [/shares/nct-opt/software/xilinx/Vivado/2021.2/scripts/rt/data/unisim_comp.v:1093]
INFO: [Synth 8-6155] done synthesizing module 'clk_wiz_720p_clk_wiz' (5#1) [/shares/zitipoolhome/ol233/mb-fpga-VU9P/MandelbulbVU9P/MandelbulbVU9P.gen/sources_1/ip/clk_wiz_720p/clk_wiz_720p_clk_wiz.v:69]
INFO: [Synth 8-6155] done synthesizing module 'clk_wiz_720p' (6#1) [/shares/zitipoolhome/ol233/mb-fpga-VU9P/MandelbulbVU9P/MandelbulbVU9P.gen/sources_1/ip/clk_wiz_720p/clk_wiz_720p.v:71]
---------------------------------------------------------------------------------
Finished RTL Elaboration : Time (s): cpu = 00:00:05 ; elapsed = 00:00:06 . Memory (MB): peak = 3253.871 ; gain = 352.703 ; free physical = 612399 ; free virtual = 639888
---------------------------------------------------------------------------------
---------------------------------------------------------------------------------
Start Handling Custom Attributes
---------------------------------------------------------------------------------
---------------------------------------------------------------------------------
Finished Handling Custom Attributes : Time (s): cpu = 00:00:06 ; elapsed = 00:00:07 . Memory (MB): peak = 3271.684 ; gain = 370.516 ; free physical = 612391 ; free virtual = 639880
---------------------------------------------------------------------------------
---------------------------------------------------------------------------------
Finished RTL Optimization Phase 1 : Time (s): cpu = 00:00:06 ; elapsed = 00:00:07 . Memory (MB): peak = 3271.684 ; gain = 370.516 ; free physical = 612391 ; free virtual = 639880
---------------------------------------------------------------------------------
Netlist sorting complete. Time (s): cpu = 00:00:00 ; elapsed = 00:00:00 . Memory (MB): peak = 3277.621 ; gain = 0.000 ; free physical = 613274 ; free virtual = 640763
INFO: [Netlist 29-17] Analyzing 3 Unisim elements for replacement
INFO: [Netlist 29-28] Unisim Transformation completed in 0 CPU seconds
INFO: [Project 1-570] Preparing netlist for logic optimization

Processing XDC Constraints
Initializing timing engine
Parsing XDC File [/shares/zitipoolhome/ol233/mb-fpga-VU9P/MandelbulbVU9P/MandelbulbVU9P.gen/sources_1/ip/clk_wiz_720p/clk_wiz_720p_ooc.xdc] for cell 'inst'
Finished Parsing XDC File [/shares/zitipoolhome/ol233/mb-fpga-VU9P/MandelbulbVU9P/MandelbulbVU9P.gen/sources_1/ip/clk_wiz_720p/clk_wiz_720p_ooc.xdc] for cell 'inst'
Parsing XDC File [/shares/zitipoolhome/ol233/mb-fpga-VU9P/MandelbulbVU9P/MandelbulbVU9P.gen/sources_1/ip/clk_wiz_720p/clk_wiz_720p_board.xdc] for cell 'inst'
Finished Parsing XDC File [/shares/zitipoolhome/ol233/mb-fpga-VU9P/MandelbulbVU9P/MandelbulbVU9P.gen/sources_1/ip/clk_wiz_720p/clk_wiz_720p_board.xdc] for cell 'inst'
Parsing XDC File [/shares/zitipoolhome/ol233/mb-fpga-VU9P/MandelbulbVU9P/MandelbulbVU9P.gen/sources_1/ip/clk_wiz_720p/clk_wiz_720p.xdc] for cell 'inst'
create_clock: Time (s): cpu = 00:00:05 ; elapsed = 00:00:05 . Memory (MB): peak = 3409.277 ; gain = 0.000 ; free physical = 613197 ; free virtual = 640687
Finished Parsing XDC File [/shares/zitipoolhome/ol233/mb-fpga-VU9P/MandelbulbVU9P/MandelbulbVU9P.gen/sources_1/ip/clk_wiz_720p/clk_wiz_720p.xdc] for cell 'inst'
INFO: [Project 1-236] Implementation specific constraints were found while reading constraint file [/shares/zitipoolhome/ol233/mb-fpga-VU9P/MandelbulbVU9P/MandelbulbVU9P.gen/sources_1/ip/clk_wiz_720p/clk_wiz_720p.xdc]. These constraints will be ignored for synthesis but will be used in implementation. Impacted constraints are listed in the file [.Xil/clk_wiz_720p_propImpl.xdc].
Resolution: To avoid this warning, move constraints listed in [.Xil/clk_wiz_720p_propImpl.xdc] to another XDC file and exclude this new file from synthesis with the used_in_synthesis property (File Properties dialog in GUI) and re-run elaboration/synthesis.
INFO: [Timing 38-2] Deriving generated clocks
Parsing XDC File [/shares/zitipoolhome/ol233/mb-fpga-VU9P/MandelbulbVU9P/MandelbulbVU9P.runs/clk_wiz_720p_synth_1/dont_touch.xdc]
Finished Parsing XDC File [/shares/zitipoolhome/ol233/mb-fpga-VU9P/MandelbulbVU9P/MandelbulbVU9P.runs/clk_wiz_720p_synth_1/dont_touch.xdc]
Parsing XDC File [/shares/zitipoolhome/ol233/mb-fpga-VU9P/MandelbulbVU9P/MandelbulbVU9P.gen/sources_1/ip/clk_wiz_720p/clk_wiz_720p_late.xdc] for cell 'inst'
Finished Parsing XDC File [/shares/zitipoolhome/ol233/mb-fpga-VU9P/MandelbulbVU9P/MandelbulbVU9P.gen/sources_1/ip/clk_wiz_720p/clk_wiz_720p_late.xdc] for cell 'inst'
Completed Processing XDC Constraints

Netlist sorting complete. Time (s): cpu = 00:00:00 ; elapsed = 00:00:00 . Memory (MB): peak = 3409.277 ; gain = 0.000 ; free physical = 613193 ; free virtual = 640682
INFO: [Project 1-111] Unisim Transformation Summary:
  A total of 2 instances were transformed.
  BUFG => BUFGCE: 1 instance 
  IBUF => IBUF (IBUFCTRL, INBUF): 1 instance 

Constraint Validation Runtime : Time (s): cpu = 00:00:00.01 ; elapsed = 00:00:00.03 . Memory (MB): peak = 3409.277 ; gain = 0.000 ; free physical = 613187 ; free virtual = 640676
---------------------------------------------------------------------------------
Finished Constraint Validation : Time (s): cpu = 00:00:17 ; elapsed = 00:00:19 . Memory (MB): peak = 3409.277 ; gain = 508.109 ; free physical = 613310 ; free virtual = 640800
---------------------------------------------------------------------------------
---------------------------------------------------------------------------------
Start Loading Part and Timing Information
---------------------------------------------------------------------------------
Loading part: xcvu9p-flga2104-2L-e
INFO: [Synth 8-6742] Reading net delay rules and data
---------------------------------------------------------------------------------
Finished Loading Part and Timing Information : Time (s): cpu = 00:00:17 ; elapsed = 00:00:19 . Memory (MB): peak = 3409.277 ; gain = 508.109 ; free physical = 613309 ; free virtual = 640799
---------------------------------------------------------------------------------
---------------------------------------------------------------------------------
Start Applying 'set_property' XDC Constraints
---------------------------------------------------------------------------------
Applied set_property KEEP_HIERARCHY = SOFT for inst. (constraint file  /shares/zitipoolhome/ol233/mb-fpga-VU9P/MandelbulbVU9P/MandelbulbVU9P.runs/clk_wiz_720p_synth_1/dont_touch.xdc, line 9).
---------------------------------------------------------------------------------
Finished applying 'set_property' XDC Constraints : Time (s): cpu = 00:00:17 ; elapsed = 00:00:19 . Memory (MB): peak = 3409.277 ; gain = 508.109 ; free physical = 613310 ; free virtual = 640799
---------------------------------------------------------------------------------
---------------------------------------------------------------------------------
Finished RTL Optimization Phase 2 : Time (s): cpu = 00:00:18 ; elapsed = 00:00:20 . Memory (MB): peak = 3409.277 ; gain = 508.109 ; free physical = 613324 ; free virtual = 640814
---------------------------------------------------------------------------------
---------------------------------------------------------------------------------
Start RTL Component Statistics 
---------------------------------------------------------------------------------
Detailed RTL Component Info : 
+---Registers : 
	                8 Bit    Registers := 2     
---------------------------------------------------------------------------------
Finished RTL Component Statistics 
---------------------------------------------------------------------------------
---------------------------------------------------------------------------------
Start Part Resource Summary
---------------------------------------------------------------------------------
Part Resources:
DSPs: 6840 (col length:120)
BRAMs: 4320 (col length: RAMB18 360 RAMB36 180)
---------------------------------------------------------------------------------
Finished Part Resource Summary
---------------------------------------------------------------------------------
---------------------------------------------------------------------------------
Start Cross Boundary and Area Optimization
---------------------------------------------------------------------------------
WARNING: [Synth 8-7080] Parallel synthesis criteria is not met
---------------------------------------------------------------------------------
Finished Cross Boundary and Area Optimization : Time (s): cpu = 00:00:19 ; elapsed = 00:00:21 . Memory (MB): peak = 3409.277 ; gain = 508.109 ; free physical = 613325 ; free virtual = 640818
---------------------------------------------------------------------------------
---------------------------------------------------------------------------------
Start Applying XDC Timing Constraints
---------------------------------------------------------------------------------
---------------------------------------------------------------------------------
Finished Applying XDC Timing Constraints : Time (s): cpu = 00:00:27 ; elapsed = 00:00:33 . Memory (MB): peak = 3640.684 ; gain = 739.516 ; free physical = 612882 ; free virtual = 640375
---------------------------------------------------------------------------------
---------------------------------------------------------------------------------
Start Timing Optimization
---------------------------------------------------------------------------------
---------------------------------------------------------------------------------
Finished Timing Optimization : Time (s): cpu = 00:00:27 ; elapsed = 00:00:33 . Memory (MB): peak = 3640.684 ; gain = 739.516 ; free physical = 612882 ; free virtual = 640376
---------------------------------------------------------------------------------
---------------------------------------------------------------------------------
Start Technology Mapping
---------------------------------------------------------------------------------
---------------------------------------------------------------------------------
Finished Technology Mapping : Time (s): cpu = 00:00:27 ; elapsed = 00:00:33 . Memory (MB): peak = 3659.715 ; gain = 758.547 ; free physical = 612878 ; free virtual = 640371
---------------------------------------------------------------------------------
---------------------------------------------------------------------------------
Start IO Insertion
---------------------------------------------------------------------------------
---------------------------------------------------------------------------------
Start Flattening Before IO Insertion
---------------------------------------------------------------------------------
---------------------------------------------------------------------------------
Finished Flattening Before IO Insertion
---------------------------------------------------------------------------------
---------------------------------------------------------------------------------
Start Final Netlist Cleanup
---------------------------------------------------------------------------------
---------------------------------------------------------------------------------
Finished Final Netlist Cleanup
---------------------------------------------------------------------------------
---------------------------------------------------------------------------------
Finished IO Insertion : Time (s): cpu = 00:00:31 ; elapsed = 00:00:37 . Memory (MB): peak = 3665.652 ; gain = 764.484 ; free physical = 612874 ; free virtual = 640368
---------------------------------------------------------------------------------
---------------------------------------------------------------------------------
Start Renaming Generated Instances
---------------------------------------------------------------------------------
---------------------------------------------------------------------------------
Finished Renaming Generated Instances : Time (s): cpu = 00:00:31 ; elapsed = 00:00:37 . Memory (MB): peak = 3665.652 ; gain = 764.484 ; free physical = 612874 ; free virtual = 640368
---------------------------------------------------------------------------------
---------------------------------------------------------------------------------
Start Rebuilding User Hierarchy
---------------------------------------------------------------------------------
---------------------------------------------------------------------------------
Finished Rebuilding User Hierarchy : Time (s): cpu = 00:00:31 ; elapsed = 00:00:37 . Memory (MB): peak = 3665.652 ; gain = 764.484 ; free physical = 612874 ; free virtual = 640368
---------------------------------------------------------------------------------
---------------------------------------------------------------------------------
Start Renaming Generated Ports
---------------------------------------------------------------------------------
---------------------------------------------------------------------------------
Finished Renaming Generated Ports : Time (s): cpu = 00:00:31 ; elapsed = 00:00:37 . Memory (MB): peak = 3665.652 ; gain = 764.484 ; free physical = 612874 ; free virtual = 640368
---------------------------------------------------------------------------------
---------------------------------------------------------------------------------
Start Handling Custom Attributes
---------------------------------------------------------------------------------
---------------------------------------------------------------------------------
Finished Handling Custom Attributes : Time (s): cpu = 00:00:31 ; elapsed = 00:00:37 . Memory (MB): peak = 3665.652 ; gain = 764.484 ; free physical = 612874 ; free virtual = 640368
---------------------------------------------------------------------------------
---------------------------------------------------------------------------------
Start Renaming Generated Nets
---------------------------------------------------------------------------------
---------------------------------------------------------------------------------
Finished Renaming Generated Nets : Time (s): cpu = 00:00:31 ; elapsed = 00:00:37 . Memory (MB): peak = 3665.652 ; gain = 764.484 ; free physical = 612874 ; free virtual = 640368
---------------------------------------------------------------------------------
---------------------------------------------------------------------------------
Start Writing Synthesis Report
---------------------------------------------------------------------------------

Report BlackBoxes: 
+-+--------------+----------+
| |BlackBox name |Instances |
+-+--------------+----------+
+-+--------------+----------+

Report Cell Usage: 
+------+-----------+------+
|      |Cell       |Count |
+------+-----------+------+
|1     |BUFG       |     1|
|2     |BUFGCE     |     4|
|3     |MMCME4_ADV |     1|
|4     |FDRE       |    16|
|5     |IBUF       |     1|
+------+-----------+------+
---------------------------------------------------------------------------------
Finished Writing Synthesis Report : Time (s): cpu = 00:00:31 ; elapsed = 00:00:37 . Memory (MB): peak = 3665.652 ; gain = 764.484 ; free physical = 612874 ; free virtual = 640368
---------------------------------------------------------------------------------
Synthesis finished with 0 errors, 0 critical warnings and 1 warnings.
Synthesis Optimization Runtime : Time (s): cpu = 00:00:24 ; elapsed = 00:00:29 . Memory (MB): peak = 3665.652 ; gain = 626.891 ; free physical = 612911 ; free virtual = 640405
Synthesis Optimization Complete : Time (s): cpu = 00:00:31 ; elapsed = 00:00:37 . Memory (MB): peak = 3665.660 ; gain = 764.484 ; free physical = 612911 ; free virtual = 640405
INFO: [Project 1-571] Translating synthesized netlist
Netlist sorting complete. Time (s): cpu = 00:00:00 ; elapsed = 00:00:00 . Memory (MB): peak = 3665.660 ; gain = 0.000 ; free physical = 612975 ; free virtual = 640469
INFO: [Netlist 29-17] Analyzing 3 Unisim elements for replacement
INFO: [Netlist 29-28] Unisim Transformation completed in 0 CPU seconds
INFO: [Project 1-570] Preparing netlist for logic optimization
INFO: [Opt 31-138] Pushed 0 inverter(s) to 0 load pin(s).
Netlist sorting complete. Time (s): cpu = 00:00:00 ; elapsed = 00:00:00 . Memory (MB): peak = 3741.629 ; gain = 0.000 ; free physical = 612905 ; free virtual = 640399
INFO: [Project 1-111] Unisim Transformation Summary:
  A total of 2 instances were transformed.
  BUFG => BUFGCE: 1 instance 
  IBUF => IBUF (IBUFCTRL, INBUF): 1 instance 

Synth Design complete, checksum: 70bae204
INFO: [Common 17-83] Releasing license: Synthesis
31 Infos, 1 Warnings, 0 Critical Warnings and 0 Errors encountered.
synth_design completed successfully
synth_design: Time (s): cpu = 00:00:49 ; elapsed = 00:00:52 . Memory (MB): peak = 3741.629 ; gain = 1054.301 ; free physical = 613094 ; free virtual = 640588
INFO: [Common 17-1381] The checkpoint '/shares/zitipoolhome/ol233/mb-fpga-VU9P/MandelbulbVU9P/MandelbulbVU9P.runs/clk_wiz_720p_synth_1/clk_wiz_720p.dcp' has been generated.
INFO: [Coretcl 2-1648] Added synthesis output to IP cache for IP clk_wiz_720p, cache-ID = 66cd86bfadba2dfd
INFO: [Common 17-1381] The checkpoint '/shares/zitipoolhome/ol233/mb-fpga-VU9P/MandelbulbVU9P/MandelbulbVU9P.runs/clk_wiz_720p_synth_1/clk_wiz_720p.dcp' has been generated.
INFO: [runtcl-4] Executing : report_utilization -file clk_wiz_720p_utilization_synth.rpt -pb clk_wiz_720p_utilization_synth.pb
INFO: [Common 17-206] Exiting Vivado at Sat Sep 28 22:39:14 2024...
