
*** Running vivado
    with args -log clk_wiz_480p.vds -m64 -product Vivado -mode batch -messageDb vivado.pb -notrace -source clk_wiz_480p.tcl


****** Vivado v2021.2 (64-bit)
  **** SW Build 3367213 on Tue Oct 19 02:47:39 MDT 2021
  **** IP Build 3369179 on Thu Oct 21 08:25:16 MDT 2021
    ** Copyright 1986-2021 Xilinx, Inc. All Rights Reserved.

source clk_wiz_480p.tcl -notrace
create_project: Time (s): cpu = 00:00:06 ; elapsed = 00:00:07 . Memory (MB): peak = 2690.293 ; gain = 0.000 ; free physical = 615430 ; free virtual = 642602
Command: synth_design -top clk_wiz_480p -part xcvu9p-flga2104-2L-e -mode out_of_context
Starting synth_design
Attempting to get a license for feature 'Synthesis' and/or device 'xcvu9p'
INFO: [Common 17-349] Got license for feature 'Synthesis' and/or device 'xcvu9p'
INFO: [Device 21-403] Loading part xcvu9p-flga2104-2L-e
INFO: [Synth 8-7079] Multithreading enabled for synth_design using a maximum of 4 processes.
INFO: [Synth 8-7078] Launching helper process for spawning children vivado processes
INFO: [Synth 8-7075] Helper process launched with PID 1983056
---------------------------------------------------------------------------------
Starting RTL Elaboration : Time (s): cpu = 00:00:04 ; elapsed = 00:00:05 . Memory (MB): peak = 3199.898 ; gain = 298.766 ; free physical = 613000 ; free virtual = 640192
---------------------------------------------------------------------------------
INFO: [Synth 8-6157] synthesizing module 'clk_wiz_480p' [/shares/zitipoolhome/ol233/mb-fpga-VU9P/MandelbulbVU9P/MandelbulbVU9P.gen/sources_1/ip/clk_wiz_480p/clk_wiz_480p.v:71]
INFO: [Synth 8-6157] synthesizing module 'clk_wiz_480p_clk_wiz' [/shares/zitipoolhome/ol233/mb-fpga-VU9P/MandelbulbVU9P/MandelbulbVU9P.gen/sources_1/ip/clk_wiz_480p/clk_wiz_480p_clk_wiz.v:69]
INFO: [Synth 8-6157] synthesizing module 'IBUF' [/shares/nct-opt/software/xilinx/Vivado/2021.2/scripts/rt/data/unisim_comp.v:55204]
INFO: [Synth 8-6155] done synthesizing module 'IBUF' (1#1) [/shares/nct-opt/software/xilinx/Vivado/2021.2/scripts/rt/data/unisim_comp.v:55204]
INFO: [Synth 8-6157] synthesizing module 'MMCME4_ADV' [/shares/nct-opt/software/xilinx/Vivado/2021.2/scripts/rt/data/unisim_comp.v:63903]
	Parameter BANDWIDTH bound to: OPTIMIZED - type: string 
	Parameter CLKFBOUT_MULT_F bound to: 12.500000 - type: double 
	Parameter CLKFBOUT_PHASE bound to: 0.000000 - type: double 
	Parameter CLKFBOUT_USE_FINE_PS bound to: FALSE - type: string 
	Parameter CLKIN1_PERIOD bound to: 10.000000 - type: double 
	Parameter CLKOUT0_DIVIDE_F bound to: 50.000000 - type: double 
	Parameter CLKOUT0_DUTY_CYCLE bound to: 0.500000 - type: double 
	Parameter CLKOUT0_PHASE bound to: 0.000000 - type: double 
	Parameter CLKOUT0_USE_FINE_PS bound to: FALSE - type: string 
	Parameter CLKOUT1_DIVIDE bound to: 5 - type: integer 
	Parameter CLKOUT1_DUTY_CYCLE bound to: 0.500000 - type: double 
	Parameter CLKOUT1_PHASE bound to: 0.000000 - type: double 
	Parameter CLKOUT1_USE_FINE_PS bound to: FALSE - type: string 
	Parameter CLKOUT4_CASCADE bound to: FALSE - type: string 
	Parameter COMPENSATION bound to: AUTO - type: string 
	Parameter DIVCLK_DIVIDE bound to: 1 - type: integer 
	Parameter STARTUP_WAIT bound to: FALSE - type: string 
INFO: [Synth 8-6155] done synthesizing module 'MMCME4_ADV' (2#1) [/shares/nct-opt/software/xilinx/Vivado/2021.2/scripts/rt/data/unisim_comp.v:63903]
INFO: [Synth 8-6157] synthesizing module 'BUFG' [/shares/nct-opt/software/xilinx/Vivado/2021.2/scripts/rt/data/unisim_comp.v:1083]
INFO: [Synth 8-6155] done synthesizing module 'BUFG' (3#1) [/shares/nct-opt/software/xilinx/Vivado/2021.2/scripts/rt/data/unisim_comp.v:1083]
INFO: [Synth 8-6157] synthesizing module 'BUFGCE' [/shares/nct-opt/software/xilinx/Vivado/2021.2/scripts/rt/data/unisim_comp.v:1093]
INFO: [Synth 8-6155] done synthesizing module 'BUFGCE' (4#1) [/shares/nct-opt/software/xilinx/Vivado/2021.2/scripts/rt/data/unisim_comp.v:1093]
INFO: [Synth 8-6155] done synthesizing module 'clk_wiz_480p_clk_wiz' (5#1) [/shares/zitipoolhome/ol233/mb-fpga-VU9P/MandelbulbVU9P/MandelbulbVU9P.gen/sources_1/ip/clk_wiz_480p/clk_wiz_480p_clk_wiz.v:69]
INFO: [Synth 8-6155] done synthesizing module 'clk_wiz_480p' (6#1) [/shares/zitipoolhome/ol233/mb-fpga-VU9P/MandelbulbVU9P/MandelbulbVU9P.gen/sources_1/ip/clk_wiz_480p/clk_wiz_480p.v:71]
---------------------------------------------------------------------------------
Finished RTL Elaboration : Time (s): cpu = 00:00:05 ; elapsed = 00:00:07 . Memory (MB): peak = 3253.867 ; gain = 352.734 ; free physical = 613950 ; free virtual = 641150
---------------------------------------------------------------------------------
---------------------------------------------------------------------------------
Start Handling Custom Attributes
---------------------------------------------------------------------------------
---------------------------------------------------------------------------------
Finished Handling Custom Attributes : Time (s): cpu = 00:00:06 ; elapsed = 00:00:08 . Memory (MB): peak = 3271.680 ; gain = 370.547 ; free physical = 613948 ; free virtual = 641148
---------------------------------------------------------------------------------
---------------------------------------------------------------------------------
Finished RTL Optimization Phase 1 : Time (s): cpu = 00:00:06 ; elapsed = 00:00:08 . Memory (MB): peak = 3271.680 ; gain = 370.547 ; free physical = 613948 ; free virtual = 641148
---------------------------------------------------------------------------------
Netlist sorting complete. Time (s): cpu = 00:00:00 ; elapsed = 00:00:00 . Memory (MB): peak = 3277.617 ; gain = 0.000 ; free physical = 613943 ; free virtual = 641144
INFO: [Netlist 29-17] Analyzing 3 Unisim elements for replacement
INFO: [Netlist 29-28] Unisim Transformation completed in 0 CPU seconds
INFO: [Project 1-570] Preparing netlist for logic optimization

Processing XDC Constraints
Initializing timing engine
Parsing XDC File [/shares/zitipoolhome/ol233/mb-fpga-VU9P/MandelbulbVU9P/MandelbulbVU9P.gen/sources_1/ip/clk_wiz_480p/clk_wiz_480p_ooc.xdc] for cell 'inst'
Finished Parsing XDC File [/shares/zitipoolhome/ol233/mb-fpga-VU9P/MandelbulbVU9P/MandelbulbVU9P.gen/sources_1/ip/clk_wiz_480p/clk_wiz_480p_ooc.xdc] for cell 'inst'
Parsing XDC File [/shares/zitipoolhome/ol233/mb-fpga-VU9P/MandelbulbVU9P/MandelbulbVU9P.gen/sources_1/ip/clk_wiz_480p/clk_wiz_480p_board.xdc] for cell 'inst'
Finished Parsing XDC File [/shares/zitipoolhome/ol233/mb-fpga-VU9P/MandelbulbVU9P/MandelbulbVU9P.gen/sources_1/ip/clk_wiz_480p/clk_wiz_480p_board.xdc] for cell 'inst'
Parsing XDC File [/shares/zitipoolhome/ol233/mb-fpga-VU9P/MandelbulbVU9P/MandelbulbVU9P.gen/sources_1/ip/clk_wiz_480p/clk_wiz_480p.xdc] for cell 'inst'
create_clock: Time (s): cpu = 00:00:05 ; elapsed = 00:00:06 . Memory (MB): peak = 3412.273 ; gain = 0.000 ; free physical = 613792 ; free virtual = 641009
Finished Parsing XDC File [/shares/zitipoolhome/ol233/mb-fpga-VU9P/MandelbulbVU9P/MandelbulbVU9P.gen/sources_1/ip/clk_wiz_480p/clk_wiz_480p.xdc] for cell 'inst'
INFO: [Project 1-236] Implementation specific constraints were found while reading constraint file [/shares/zitipoolhome/ol233/mb-fpga-VU9P/MandelbulbVU9P/MandelbulbVU9P.gen/sources_1/ip/clk_wiz_480p/clk_wiz_480p.xdc]. These constraints will be ignored for synthesis but will be used in implementation. Impacted constraints are listed in the file [.Xil/clk_wiz_480p_propImpl.xdc].
Resolution: To avoid this warning, move constraints listed in [.Xil/clk_wiz_480p_propImpl.xdc] to another XDC file and exclude this new file from synthesis with the used_in_synthesis property (File Properties dialog in GUI) and re-run elaboration/synthesis.
INFO: [Timing 38-2] Deriving generated clocks
Parsing XDC File [/shares/zitipoolhome/ol233/mb-fpga-VU9P/MandelbulbVU9P/MandelbulbVU9P.runs/clk_wiz_480p_synth_1/dont_touch.xdc]
Finished Parsing XDC File [/shares/zitipoolhome/ol233/mb-fpga-VU9P/MandelbulbVU9P/MandelbulbVU9P.runs/clk_wiz_480p_synth_1/dont_touch.xdc]
Parsing XDC File [/shares/zitipoolhome/ol233/mb-fpga-VU9P/MandelbulbVU9P/MandelbulbVU9P.gen/sources_1/ip/clk_wiz_480p/clk_wiz_480p_late.xdc] for cell 'inst'
Finished Parsing XDC File [/shares/zitipoolhome/ol233/mb-fpga-VU9P/MandelbulbVU9P/MandelbulbVU9P.gen/sources_1/ip/clk_wiz_480p/clk_wiz_480p_late.xdc] for cell 'inst'
Completed Processing XDC Constraints

Netlist sorting complete. Time (s): cpu = 00:00:00 ; elapsed = 00:00:00 . Memory (MB): peak = 3412.273 ; gain = 0.000 ; free physical = 613789 ; free virtual = 641007
INFO: [Project 1-111] Unisim Transformation Summary:
  A total of 2 instances were transformed.
  BUFG => BUFGCE: 1 instance 
  IBUF => IBUF (IBUFCTRL, INBUF): 1 instance 

Constraint Validation Runtime : Time (s): cpu = 00:00:00.03 ; elapsed = 00:00:00.08 . Memory (MB): peak = 3412.273 ; gain = 0.000 ; free physical = 613780 ; free virtual = 640998
---------------------------------------------------------------------------------
Finished Constraint Validation : Time (s): cpu = 00:00:18 ; elapsed = 00:00:22 . Memory (MB): peak = 3412.273 ; gain = 511.141 ; free physical = 613918 ; free virtual = 641136
---------------------------------------------------------------------------------
---------------------------------------------------------------------------------
Start Loading Part and Timing Information
---------------------------------------------------------------------------------
Loading part: xcvu9p-flga2104-2L-e
INFO: [Synth 8-6742] Reading net delay rules and data
---------------------------------------------------------------------------------
Finished Loading Part and Timing Information : Time (s): cpu = 00:00:18 ; elapsed = 00:00:22 . Memory (MB): peak = 3412.273 ; gain = 511.141 ; free physical = 613912 ; free virtual = 641130
---------------------------------------------------------------------------------
---------------------------------------------------------------------------------
Start Applying 'set_property' XDC Constraints
---------------------------------------------------------------------------------
Applied set_property KEEP_HIERARCHY = SOFT for inst. (constraint file  /shares/zitipoolhome/ol233/mb-fpga-VU9P/MandelbulbVU9P/MandelbulbVU9P.runs/clk_wiz_480p_synth_1/dont_touch.xdc, line 9).
---------------------------------------------------------------------------------
Finished applying 'set_property' XDC Constraints : Time (s): cpu = 00:00:18 ; elapsed = 00:00:22 . Memory (MB): peak = 3412.273 ; gain = 511.141 ; free physical = 613909 ; free virtual = 641127
---------------------------------------------------------------------------------
---------------------------------------------------------------------------------
Finished RTL Optimization Phase 2 : Time (s): cpu = 00:00:18 ; elapsed = 00:00:22 . Memory (MB): peak = 3412.273 ; gain = 511.141 ; free physical = 613929 ; free virtual = 641149
---------------------------------------------------------------------------------
---------------------------------------------------------------------------------
Start RTL Component Statistics 
---------------------------------------------------------------------------------
Detailed RTL Component Info : 
+---Registers : 
	                8 Bit    Registers := 2     
---------------------------------------------------------------------------------
Finished RTL Component Statistics 
---------------------------------------------------------------------------------
---------------------------------------------------------------------------------
Start Part Resource Summary
---------------------------------------------------------------------------------
Part Resources:
DSPs: 6840 (col length:120)
BRAMs: 4320 (col length: RAMB18 360 RAMB36 180)
---------------------------------------------------------------------------------
Finished Part Resource Summary
---------------------------------------------------------------------------------
---------------------------------------------------------------------------------
Start Cross Boundary and Area Optimization
---------------------------------------------------------------------------------
WARNING: [Synth 8-7080] Parallel synthesis criteria is not met
---------------------------------------------------------------------------------
Finished Cross Boundary and Area Optimization : Time (s): cpu = 00:00:19 ; elapsed = 00:00:24 . Memory (MB): peak = 3412.273 ; gain = 511.141 ; free physical = 613928 ; free virtual = 641153
---------------------------------------------------------------------------------
---------------------------------------------------------------------------------
Start Applying XDC Timing Constraints
---------------------------------------------------------------------------------
---------------------------------------------------------------------------------
Finished Applying XDC Timing Constraints : Time (s): cpu = 00:00:27 ; elapsed = 00:00:36 . Memory (MB): peak = 3641.195 ; gain = 740.062 ; free physical = 613440 ; free virtual = 640674
---------------------------------------------------------------------------------
---------------------------------------------------------------------------------
Start Timing Optimization
---------------------------------------------------------------------------------
---------------------------------------------------------------------------------
Finished Timing Optimization : Time (s): cpu = 00:00:27 ; elapsed = 00:00:36 . Memory (MB): peak = 3641.195 ; gain = 740.062 ; free physical = 613439 ; free virtual = 640673
---------------------------------------------------------------------------------
---------------------------------------------------------------------------------
Start Technology Mapping
---------------------------------------------------------------------------------
---------------------------------------------------------------------------------
Finished Technology Mapping : Time (s): cpu = 00:00:27 ; elapsed = 00:00:36 . Memory (MB): peak = 3660.227 ; gain = 759.094 ; free physical = 613431 ; free virtual = 640666
---------------------------------------------------------------------------------
---------------------------------------------------------------------------------
Start IO Insertion
---------------------------------------------------------------------------------
---------------------------------------------------------------------------------
Start Flattening Before IO Insertion
---------------------------------------------------------------------------------
---------------------------------------------------------------------------------
Finished Flattening Before IO Insertion
---------------------------------------------------------------------------------
---------------------------------------------------------------------------------
Start Final Netlist Cleanup
---------------------------------------------------------------------------------
---------------------------------------------------------------------------------
Finished Final Netlist Cleanup
---------------------------------------------------------------------------------
---------------------------------------------------------------------------------
Finished IO Insertion : Time (s): cpu = 00:00:31 ; elapsed = 00:00:40 . Memory (MB): peak = 3666.164 ; gain = 765.031 ; free physical = 613444 ; free virtual = 640678
---------------------------------------------------------------------------------
---------------------------------------------------------------------------------
Start Renaming Generated Instances
---------------------------------------------------------------------------------
---------------------------------------------------------------------------------
Finished Renaming Generated Instances : Time (s): cpu = 00:00:31 ; elapsed = 00:00:40 . Memory (MB): peak = 3666.164 ; gain = 765.031 ; free physical = 613444 ; free virtual = 640678
---------------------------------------------------------------------------------
---------------------------------------------------------------------------------
Start Rebuilding User Hierarchy
---------------------------------------------------------------------------------
---------------------------------------------------------------------------------
Finished Rebuilding User Hierarchy : Time (s): cpu = 00:00:31 ; elapsed = 00:00:40 . Memory (MB): peak = 3666.164 ; gain = 765.031 ; free physical = 613444 ; free virtual = 640678
---------------------------------------------------------------------------------
---------------------------------------------------------------------------------
Start Renaming Generated Ports
---------------------------------------------------------------------------------
---------------------------------------------------------------------------------
Finished Renaming Generated Ports : Time (s): cpu = 00:00:31 ; elapsed = 00:00:40 . Memory (MB): peak = 3666.164 ; gain = 765.031 ; free physical = 613444 ; free virtual = 640678
---------------------------------------------------------------------------------
---------------------------------------------------------------------------------
Start Handling Custom Attributes
---------------------------------------------------------------------------------
---------------------------------------------------------------------------------
Finished Handling Custom Attributes : Time (s): cpu = 00:00:31 ; elapsed = 00:00:40 . Memory (MB): peak = 3666.164 ; gain = 765.031 ; free physical = 613444 ; free virtual = 640678
---------------------------------------------------------------------------------
---------------------------------------------------------------------------------
Start Renaming Generated Nets
---------------------------------------------------------------------------------
---------------------------------------------------------------------------------
Finished Renaming Generated Nets : Time (s): cpu = 00:00:31 ; elapsed = 00:00:40 . Memory (MB): peak = 3666.164 ; gain = 765.031 ; free physical = 613444 ; free virtual = 640678
---------------------------------------------------------------------------------
---------------------------------------------------------------------------------
Start Writing Synthesis Report
---------------------------------------------------------------------------------

Report BlackBoxes: 
+-+--------------+----------+
| |BlackBox name |Instances |
+-+--------------+----------+
+-+--------------+----------+

Report Cell Usage: 
+------+-----------+------+
|      |Cell       |Count |
+------+-----------+------+
|1     |BUFG       |     1|
|2     |BUFGCE     |     4|
|3     |MMCME4_ADV |     1|
|4     |FDRE       |    16|
|5     |IBUF       |     1|
+------+-----------+------+
---------------------------------------------------------------------------------
Finished Writing Synthesis Report : Time (s): cpu = 00:00:31 ; elapsed = 00:00:40 . Memory (MB): peak = 3666.164 ; gain = 765.031 ; free physical = 613444 ; free virtual = 640678
---------------------------------------------------------------------------------
Synthesis finished with 0 errors, 0 critical warnings and 1 warnings.
Synthesis Optimization Runtime : Time (s): cpu = 00:00:24 ; elapsed = 00:00:31 . Memory (MB): peak = 3666.164 ; gain = 624.438 ; free physical = 613480 ; free virtual = 640715
Synthesis Optimization Complete : Time (s): cpu = 00:00:31 ; elapsed = 00:00:40 . Memory (MB): peak = 3666.172 ; gain = 765.031 ; free physical = 613480 ; free virtual = 640715
INFO: [Project 1-571] Translating synthesized netlist
Netlist sorting complete. Time (s): cpu = 00:00:00 ; elapsed = 00:00:00 . Memory (MB): peak = 3666.172 ; gain = 0.000 ; free physical = 613473 ; free virtual = 640709
INFO: [Netlist 29-17] Analyzing 3 Unisim elements for replacement
INFO: [Netlist 29-28] Unisim Transformation completed in 0 CPU seconds
INFO: [Project 1-570] Preparing netlist for logic optimization
INFO: [Opt 31-138] Pushed 0 inverter(s) to 0 load pin(s).
Netlist sorting complete. Time (s): cpu = 00:00:00 ; elapsed = 00:00:00 . Memory (MB): peak = 3742.141 ; gain = 0.000 ; free physical = 613454 ; free virtual = 640691
INFO: [Project 1-111] Unisim Transformation Summary:
  A total of 2 instances were transformed.
  BUFG => BUFGCE: 1 instance 
  IBUF => IBUF (IBUFCTRL, INBUF): 1 instance 

Synth Design complete, checksum: 96c5892b
INFO: [Common 17-83] Releasing license: Synthesis
31 Infos, 1 Warnings, 0 Critical Warnings and 0 Errors encountered.
synth_design completed successfully
synth_design: Time (s): cpu = 00:00:48 ; elapsed = 00:01:01 . Memory (MB): peak = 3742.141 ; gain = 1051.848 ; free physical = 613655 ; free virtual = 640892
INFO: [Common 17-1381] The checkpoint '/shares/zitipoolhome/ol233/mb-fpga-VU9P/MandelbulbVU9P/MandelbulbVU9P.runs/clk_wiz_480p_synth_1/clk_wiz_480p.dcp' has been generated.
INFO: [Coretcl 2-1648] Added synthesis output to IP cache for IP clk_wiz_480p, cache-ID = dffee5a0e95a19af
INFO: [Common 17-1381] The checkpoint '/shares/zitipoolhome/ol233/mb-fpga-VU9P/MandelbulbVU9P/MandelbulbVU9P.runs/clk_wiz_480p_synth_1/clk_wiz_480p.dcp' has been generated.
INFO: [runtcl-4] Executing : report_utilization -file clk_wiz_480p_utilization_synth.rpt -pb clk_wiz_480p_utilization_synth.pb
INFO: [Common 17-206] Exiting Vivado at Fri Sep 27 02:45:49 2024...
