Copyright 1986-2021 Xilinx, Inc. All Rights Reserved.
----------------------------------------------------------------------------------------
| Tool Version : Vivado v.2021.2 (lin64) Build 3367213 Tue Oct 19 02:47:39 MDT 2021
| Date         : Mon Sep 30 04:53:07 2024
| Host         : nct-epic running 64-bit Debian GNU/Linux 12 (bookworm)
| Command      : report_control_sets -verbose -file top_display_control_sets_placed.rpt
| Design       : top_display
| Device       : xcvu9p
----------------------------------------------------------------------------------------

Control Set Information

Table of Contents
-----------------
1. Summary
2. Histogram
3. Flip-Flop Distribution
4. Detailed Control Set Information

1. Summary
----------

+----------------------------------------------------------+-------+
|                          Status                          | Count |
+----------------------------------------------------------+-------+
| Total control sets                                       |    83 |
|    Minimum number of control sets                        |    75 |
|    Addition due to synthesis replication                 |     0 |
|    Addition due to physical synthesis replication        |     8 |
| Unused register locations in slices containing registers |   138 |
+----------------------------------------------------------+-------+
* Control sets can be merged at opt_design using control_set_merge or merge_equivalent_drivers
** Run report_qor_suggestions for automated merging and remapping suggestions


2. Histogram
------------

+--------------------+-------+
|       Fanout       | Count |
+--------------------+-------+
| Total control sets |    83 |
| >= 0 to < 4        |     8 |
| >= 4 to < 6        |    10 |
| >= 6 to < 8        |     2 |
| >= 8 to < 10       |     3 |
| >= 10 to < 12      |     2 |
| >= 12 to < 14      |     1 |
| >= 14 to < 16      |     0 |
| >= 16              |    57 |
+--------------------+-------+
* Control sets can be remapped at either synth_design or opt_design


3. Flip-Flop Distribution
-------------------------

+--------------+-----------------------+------------------------+-----------------+--------------+
| Clock Enable | Synchronous Set/Reset | Asynchronous Set/Reset | Total Registers | Total Slices |
+--------------+-----------------------+------------------------+-----------------+--------------+
| No           | No                    | No                     |           55971 |         8648 |
| No           | No                    | Yes                    |               0 |            0 |
| No           | Yes                   | No                     |             531 |          137 |
| Yes          | No                    | No                     |           54682 |        10010 |
| Yes          | No                    | Yes                    |               0 |            0 |
| Yes          | Yes                   | No                     |             170 |           30 |
+--------------+-----------------------+------------------------+-----------------+--------------+


4. Detailed Control Set Information
-----------------------------------

+-----------------------------------------------------------------+--------------------------------------------------------------+-------------------------------------------------------------------------+------------------+----------------+--------------+
|                           Clock Signal                          |                         Enable Signal                        |                             Set/Reset Signal                            | Slice Load Count | Bel Load Count | Bels / Slice |
+-----------------------------------------------------------------+--------------------------------------------------------------+-------------------------------------------------------------------------+------------------+----------------+--------------+
|  serial_and_pix_clks/inst/clk_out_100MHz                        |                                                              | raymarcher/ss/msdi_1/tp/tp/act1/p_7_out_1                               |                1 |              1 |         1.00 |
|  serial_and_pix_clks/inst/clk_out_100MHz                        |                                                              | raymarcher/ss/msdi_1/tc/p_7_out                                         |                1 |              1 |         1.00 |
|  serial_and_pix_clks/inst/clk_out_100MHz                        | raymarcher/ss/msdi_3/tp/tp/act1/CEA1                         | raymarcher/ss/msdi_3/tp/tp/act1/fmatan2scale/out_valid_reg_reg[36]__0_3 |                1 |              1 |         1.00 |
|  serial_and_pix_clks/inst/clk_out_100MHz                        | raymarcher/ss/msdi_2/tp/tp/act1/CEA1                         | raymarcher/ss/msdi_2/tp/tp/act1/fmatan2scale/out_valid_reg_reg[36]__0_3 |                1 |              1 |         1.00 |
|  serial_and_pix_clks/inst/clk_out_100MHz                        | raymarcher/ss/msdi_1/tp/tp/act1/CEA1                         | raymarcher/ss/msdi_1/tp/tp/act1/fmatan2scale/out_valid_reg_reg[36]__0_3 |                1 |              1 |         1.00 |
|  serial_and_pix_clks/inst/clk_out_100MHz                        | raymarcher/ss/msdi_4/tp/tp/act1/CEA1                         | raymarcher/ss/msdi_4/tp/tp/act1/fmatan2scale/out_valid_reg_reg[36]__0_3 |                1 |              1 |         1.00 |
|  serial_and_pix_clks/inst/clk_out_100MHz                        |                                                              | raymarcher/ss/msdi_2/tc/p_7_out                                         |                1 |              1 |         1.00 |
|  serial_and_pix_clks/inst/clk_out_100MHz                        |                                                              | raymarcher/ss/msdi_3/tc/p_7_out                                         |                1 |              1 |         1.00 |
|  serial_and_pix_clks/inst/clk_out_100MHz                        |                                                              | raymarcher/fm1/reg_out_valid_reg[8]__0_0                                |                2 |              4 |         2.00 |
|  serial_and_pix_clks/inst/clk_out_100MHz                        |                                                              | raymarcher/ss/msdi_2/tc/tc/sc1/y[1][41]_i_1__5_n_0                      |                1 |              5 |         5.00 |
|  serial_and_pix_clks/inst/clk_out_100MHz                        |                                                              | raymarcher/ss/msdi_1/tc/tc/sc1/y[1][41]_i_1__1_n_0                      |                1 |              5 |         5.00 |
|  serial_and_pix_clks/inst/clk_out_100MHz                        |                                                              | raymarcher/ss/msdi_3/tc/tc/sc1/y[1][41]_i_1__9_n_0                      |                1 |              5 |         5.00 |
|  serial_and_pix_clks/inst/clk_out_100MHz                        |                                                              | raymarcher/ss/msdi_4/tc/tc/sc1/y[1][41]_i_1__13_n_0                     |                2 |              5 |         2.50 |
|  serial_and_pix_clks/inst/clk_out_100MHz                        |                                                              | raymarcher/ss/ld/invn/leadingone/out_valid_reg_reg[6]__0_n_0            |                3 |              5 |         1.67 |
|  serial_and_pix_clks/inst/clk_out_100MHz                        | raymarcher/fm1/break_cond                                    |                                                                         |                3 |              5 |         1.67 |
|  serial_and_pix_clks/inst/clk_out_100MHz                        | raymarcher/fm1/break_cond                                    | raymarcher/fm1/x_reg[10]                                                |                2 |              5 |         2.50 |
|  serial_and_pix_clks/inst/clk_out_100MHz                        | raymarcher/fm1/E[0]                                          | raymarcher/fm1/SR[0]                                                    |                2 |              5 |         2.50 |
|  serial_and_pix_clks/inst/clk_out_74_25MHz                      |                                                              | bth/CounterX_reg[1]                                                     |                3 |              5 |         1.67 |
|  serial_and_pix_clks/inst/clk_out_100MHz                        |                                                              | raymarcher/next_mb_iter                                                 |                4 |              7 |         1.75 |
| ~serial_and_pix_clks/inst/clk_out_371_25MHz                     |                                                              |                                                                         |                4 |              7 |         1.75 |
|  serial_and_pix_clks/inst/clk_out_371_25MHz_clk_wiz_720p_en_clk |                                                              |                                                                         |                1 |              8 |         8.00 |
|  serial_and_pix_clks/inst/clk_out_100MHz_clk_wiz_720p_en_clk    |                                                              |                                                                         |                1 |              8 |         8.00 |
|  serial_and_pix_clks/inst/clk_out_74_25MHz_clk_wiz_720p_en_clk  |                                                              |                                                                         |                1 |              8 |         8.00 |
|  serial_and_pix_clks/inst/clk_out_100MHz                        | raymarcher/fm1/x_reg[6]                                      | raymarcher/fm1/y_reg[5]                                                 |                2 |             10 |         5.00 |
|  serial_and_pix_clks/inst/clk_out_100MHz                        |                                                              | raymarcher/msg[epsilon][64]_i_1_n_0                                     |                4 |             11 |         2.75 |
|  serial_and_pix_clks/inst/clk_out_74_25MHz                      | bth/E[0]                                                     |                                                                         |                4 |             13 |         3.25 |
|  serial_and_pix_clks/inst/clk_out_100MHz                        |                                                              | raymarcher/debounce_BTNC/PB_idle                                        |                3 |             20 |         6.67 |
|  serial_and_pix_clks/inst/clk_out_100MHz                        |                                                              | raymarcher/debounce_BTND/PB_idle                                        |                3 |             20 |         6.67 |
|  serial_and_pix_clks/inst/clk_out_100MHz                        |                                                              | raymarcher/debounce_BTNL/PB_idle                                        |                3 |             20 |         6.67 |
|  serial_and_pix_clks/inst/clk_out_100MHz                        | raymarcher/fm1/break_cond                                    | raymarcher/fm1/x_reg[10]_0                                              |                3 |             20 |         6.67 |
|  serial_and_pix_clks/inst/clk_out_100MHz                        |                                                              | raymarcher/debounce_BTNU/PB_idle                                        |                3 |             20 |         6.67 |
|  serial_and_pix_clks/inst/clk_out_100MHz                        |                                                              | raymarcher/debounce_BTNR/PB_idle                                        |                3 |             20 |         6.67 |
|  serial_and_pix_clks/inst/clk_out_100MHz                        | raymarcher/fm1/E[0]                                          |                                                                         |               10 |             20 |         2.00 |
|  serial_and_pix_clks/inst/clk_out_74_25MHz                      |                                                              | DrawArea                                                                |               11 |             31 |         2.82 |
|  serial_and_pix_clks/inst/clk_out_100MHz                        |                                                              | raymarcher/ss/msdi_3/dr_zr/drzr/p8/CEA1                                 |                7 |             35 |         5.00 |
|  serial_and_pix_clks/inst/clk_out_100MHz                        |                                                              | raymarcher/ss/msdi_2/dr_zr/drzr/p8/CEA1                                 |               10 |             35 |         3.50 |
|  serial_and_pix_clks/inst/clk_out_100MHz                        |                                                              | raymarcher/ss/msdi_1/dr_zr/drzr/p8/CEA1                                 |                8 |             35 |         4.38 |
|  serial_and_pix_clks/inst/clk_out_100MHz                        |                                                              | raymarcher/ss/msdi_4/dr_zr/drzr/p8/CEA1                                 |                7 |             35 |         5.00 |
|  serial_and_pix_clks/inst/clk_out_371_25MHz                     |                                                              |                                                                         |                9 |             37 |         4.11 |
|  serial_and_pix_clks/inst/clk_out_100MHz                        | raymarcher/ss/msdi_2/tc/tc/sc1/valid1_0_bufg_place_replica   |                                                                         |                6 |             43 |         7.17 |
|  serial_and_pix_clks/inst/clk_out_100MHz                        | raymarcher/ss/msdi_1/tc/tc/sc1/valid1_0_bufg_place_replica   |                                                                         |                6 |             43 |         7.17 |
|  serial_and_pix_clks/inst/clk_out_100MHz                        | raymarcher/ss/msdi_3/tc/tc/sc1/valid1_0_bufg_place_replica   |                                                                         |                6 |             43 |         7.17 |
|  serial_and_pix_clks/inst/clk_out_100MHz                        | raymarcher/ss/msdi_4/tc/tc/sc1/valid1_bufg_place_replica     |                                                                         |                6 |             43 |         7.17 |
|  serial_and_pix_clks/inst/clk_out_74_25MHz                      |                                                              |                                                                         |               29 |             51 |         1.76 |
|  serial_and_pix_clks/inst/clk_out_100MHz                        | raymarcher/fm1/x_reg[6]                                      | raymarcher/fm1/x_reg[10]_0                                              |                8 |             61 |         7.62 |
|  serial_and_pix_clks/inst/clk_out_100MHz                        | raymarcher/debounce_BTND/camera_z                            |                                                                         |                8 |             62 |         7.75 |
|  serial_and_pix_clks/inst/clk_out_100MHz                        | raymarcher/debounce_BTNL/camera_y                            |                                                                         |                9 |             64 |         7.11 |
|  serial_and_pix_clks/inst/clk_out_100MHz                        | raymarcher/debounce_BTNC/PB_state_reg_0                      |                                                                         |                9 |             65 |         7.22 |
|  serial_and_pix_clks/inst/clk_out_100MHz                        |                                                              | raymarcher/ss/ld/approxmult_dst2/val_reg[1]__0_n_0                      |               22 |             65 |         2.95 |
|  serial_and_pix_clks/inst/clk_out_100MHz                        | raymarcher/fm1/break_cond                                    | raymarcher/fm1/x_reg[6]                                                 |                9 |             65 |         7.22 |
|  serial_and_pix_clks/inst/clk_out_100MHz                        | raymarcher/ss/msdi_1/tp/tp/act1/CEA1_bufg_place_replica      |                                                                         |               14 |             90 |         6.43 |
|  serial_and_pix_clks/inst/clk_out_100MHz                        | raymarcher/ss/msdi_3/tp/tp/act1/CEA1_bufg_place_replica      |                                                                         |               14 |             90 |         6.43 |
|  serial_and_pix_clks/inst/clk_out_100MHz                        | raymarcher/ss/msdi_2/tp/tp/act1/CEA1_bufg_place_replica      |                                                                         |               14 |             90 |         6.43 |
|  serial_and_pix_clks/inst/clk_out_100MHz                        | raymarcher/ss/msdi_4/tp/tp/act1/CEA1_bufg_place_replica      |                                                                         |               14 |             90 |         6.43 |
|  serial_and_pix_clks/inst/clk_out_100MHz                        |                                                              | raymarcher/fm1/break_cond                                               |               32 |            139 |         4.34 |
|  serial_and_pix_clks/inst/clk_out_100MHz                        | raymarcher/ss/msdi_3/dr_zr/drzr/p8/CEA1                      |                                                                         |               91 |            478 |         5.25 |
|  serial_and_pix_clks/inst/clk_out_100MHz                        | raymarcher/ss/msdi_1/dr_zr/drzr/p8/CEA1                      |                                                                         |               83 |            478 |         5.76 |
|  serial_and_pix_clks/inst/clk_out_100MHz                        | raymarcher/ss/msdi_4/dr_zr/drzr/p8/CEA1                      |                                                                         |               99 |            478 |         4.83 |
|  serial_and_pix_clks/inst/clk_out_100MHz                        | raymarcher/ss/msdi_2/dr_zr/drzr/p8/CEA1                      |                                                                         |               98 |            478 |         4.88 |
|  serial_and_pix_clks/inst/clk_out_100MHz                        | raymarcher/ss/ld/approxmult_dst1/valid3                      |                                                                         |              135 |            522 |         3.87 |
|  serial_and_pix_clks/inst/clk_out_100MHz                        | raymarcher/ss/ld/lg2/valid2                                  |                                                                         |              125 |            522 |         4.18 |
|  serial_and_pix_clks/inst/clk_out_100MHz                        | raymarcher/ss/msdi_3/tp/tp/act2/out_valid_reg_reg[36]__0_1   |                                                                         |              597 |            766 |         1.28 |
|  serial_and_pix_clks/inst/clk_out_100MHz                        | raymarcher/ss/msdi_2/tp/tp/act2/out_valid_reg_reg[36]__0_1   |                                                                         |              587 |            766 |         1.30 |
|  serial_and_pix_clks/inst/clk_out_100MHz                        | raymarcher/ss/msdi_1/tp/tp/act2/out_valid_reg_reg[36]__0_1   |                                                                         |              555 |            766 |         1.38 |
|  serial_and_pix_clks/inst/clk_out_100MHz                        | raymarcher/ss/msdi_4/tp/tp/act2/out_valid_reg_reg[36]__0_1   |                                                                         |              620 |            766 |         1.24 |
|  serial_and_pix_clks/inst/clk_out_100MHz                        | raymarcher/ss/msdi_4/dr_zr/drzr/approxmult_drzr/val_reg[1]_0 |                                                                         |              333 |            802 |         2.41 |
|  serial_and_pix_clks/inst/clk_out_100MHz                        | raymarcher/ss/msdi_1/dr_zr/drzr/approxmult_drzr/val_reg[1]_0 |                                                                         |              306 |            802 |         2.62 |
|  serial_and_pix_clks/inst/clk_out_100MHz                        | raymarcher/ss/msdi_3/dr_zr/drzr/approxmult_drzr/val_reg[1]_0 |                                                                         |              326 |            802 |         2.46 |
|  serial_and_pix_clks/inst/clk_out_100MHz                        | raymarcher/ss/msdi_2/dr_zr/drzr/approxmult_drzr/val_reg[1]_0 |                                                                         |              327 |            802 |         2.45 |
|  serial_and_pix_clks/inst/clk_out_100MHz                        | raymarcher/ss/msdi_3/tc/tc/sc2/out_valid_reg_reg[41]__0_0    |                                                                         |              576 |            890 |         1.55 |
|  serial_and_pix_clks/inst/clk_out_100MHz                        | raymarcher/ss/msdi_4/tc/tc/sc2/out_valid_reg_reg[41]__0_0    |                                                                         |              447 |            890 |         1.99 |
|  serial_and_pix_clks/inst/clk_out_100MHz                        | raymarcher/ss/msdi_2/tc/tc/sc2/out_valid_reg_reg[41]__0_0    |                                                                         |              500 |            890 |         1.78 |
|  serial_and_pix_clks/inst/clk_out_100MHz                        | raymarcher/ss/msdi_1/tc/tc/sc2/out_valid_reg_reg[41]__0_0    |                                                                         |              524 |            890 |         1.70 |
|  serial_and_pix_clks/inst/clk_out_100MHz                        | raymarcher/ss/ld/approxmult_dst3/val_reg[1]_0                |                                                                         |              383 |            955 |         2.49 |
|  serial_and_pix_clks/inst/clk_out_100MHz                        | raymarcher/ss/msdi_3/tc/tc/sc1/valid1_0                      |                                                                         |              707 |           5028 |         7.11 |
|  serial_and_pix_clks/inst/clk_out_100MHz                        | raymarcher/ss/msdi_4/tc/tc/sc1/valid1                        |                                                                         |              726 |           5028 |         6.93 |
|  serial_and_pix_clks/inst/clk_out_100MHz                        | raymarcher/ss/msdi_2/tc/tc/sc1/valid1_0                      |                                                                         |              700 |           5028 |         7.18 |
|  serial_and_pix_clks/inst/clk_out_100MHz                        | raymarcher/ss/msdi_1/tc/tc/sc1/valid1_0                      |                                                                         |              713 |           5028 |         7.05 |
|  serial_and_pix_clks/inst/clk_out_100MHz                        | raymarcher/ss/msdi_3/tp/tp/act1/CEA1                         |                                                                         |              758 |           5229 |         6.90 |
|  serial_and_pix_clks/inst/clk_out_100MHz                        | raymarcher/ss/msdi_4/tp/tp/act1/CEA1                         |                                                                         |              735 |           5229 |         7.11 |
|  serial_and_pix_clks/inst/clk_out_100MHz                        | raymarcher/ss/msdi_2/tp/tp/act1/CEA1                         |                                                                         |              774 |           5229 |         6.76 |
|  serial_and_pix_clks/inst/clk_out_100MHz                        | raymarcher/ss/msdi_1/tp/tp/act1/CEA1                         |                                                                         |              769 |           5229 |         6.80 |
|  serial_and_pix_clks/inst/clk_out_100MHz                        |                                                              |                                                                         |            10844 |          81572 |         7.52 |
+-----------------------------------------------------------------+--------------------------------------------------------------+-------------------------------------------------------------------------+------------------+----------------+--------------+


